Base path: '/Applications/Unity/Hub/Editor/2019.3.5f1/Unity.app/Contents', plugins path '/Applications/Unity/Hub/Editor/2019.3.5f1/Unity.app/Contents/PlaybackEngines'
Cmd: initializeCompiler
Cmd: compileComputeKernel
  api=14 insize=12109 outsize=3286 ok=1
Cmd: compileComputeKernel
  api=14 insize=12109 outsize=2926 ok=1
Cmd: compileComputeKernel
  api=14 insize=12109 outsize=3656 ok=1
Cmd: compileComputeKernel
  api=14 insize=12109 outsize=3739 ok=1
Cmd: compileComputeKernel
  api=14 insize=12109 outsize=4103 ok=1
Cmd: compileComputeKernel
  api=14 insize=12109 outsize=2988 ok=1
Cmd: translateComputeKernel
  api=14 insize=3457 outsize=3902 ok=1
Cmd: translateComputeKernel
  api=14 insize=3121 outsize=3112 ok=1
Cmd: translateComputeKernel
  api=14 insize=3869 outsize=4454 ok=1
Cmd: translateComputeKernel
  api=14 insize=4522 outsize=5598 ok=1
Cmd: translateComputeKernel
  api=14 insize=3256 outsize=3219 ok=1
Cmd: translateComputeKernel
  api=14 insize=3500 outsize=4096 ok=1
Cmd: compileComputeKernel
  api=14 insize=11985 outsize=2857 ok=1
Cmd: compileComputeKernel
  api=14 insize=11985 outsize=2853 ok=1
Cmd: compileComputeKernel
  api=14 insize=11985 outsize=2853 ok=1
Cmd: compileComputeKernel
  api=14 insize=11985 outsize=3008 ok=1
Cmd: compileComputeKernel
  api=14 insize=11985 outsize=2885 ok=1
Cmd: compileComputeKernel
  api=14 insize=11985 outsize=2882 ok=1
Cmd: compileComputeKernel
  api=14 insize=11985 outsize=2883 ok=1
Cmd: compileComputeKernel
  api=14 insize=11985 outsize=3004 ok=1
Cmd: translateComputeKernel
  api=14 insize=2923 outsize=3379 ok=1
Cmd: translateComputeKernel
  api=14 insize=2923 outsize=3379 ok=1
Cmd: translateComputeKernel
  api=14 insize=3363 outsize=4162 ok=1
Cmd: translateComputeKernel
  api=14 insize=2923 outsize=3383 ok=1
Cmd: translateComputeKernel
  api=14 insize=2955 outsize=3425 ok=1
Cmd: translateComputeKernel
  api=14 insize=2960 outsize=3431 ok=1
Cmd: translateComputeKernel
  api=14 insize=2952 outsize=3422 ok=1
Cmd: translateComputeKernel
  api=14 insize=2953 outsize=3424 ok=1
Cmd: translateComputeKernel
  api=14 insize=2986 outsize=3462 ok=1
Cmd: compileComputeKernel
  api=14 insize=18301 outsize=3881 ok=1
Cmd: compileComputeKernel
  api=14 insize=18301 outsize=4711 ok=1
Cmd: compileComputeKernel
  api=14 insize=18301 outsize=4651 ok=1
Cmd: compileComputeKernel
  api=14 insize=18301 outsize=7437 ok=1
Cmd: translateComputeKernel
  api=14 insize=3895 outsize=4707 ok=1
Cmd: translateComputeKernel
  api=14 insize=4909 outsize=7618 ok=1
Cmd: translateComputeKernel
  api=14 insize=5073 outsize=7774 ok=1
Cmd: translateComputeKernel
  api=14 insize=7503 outsize=13254 ok=1
Cmd: compileComputeKernel
  api=14 insize=66874 outsize=4002 ok=1
Cmd: compileComputeKernel
  api=14 insize=66874 outsize=15531 ok=1
Cmd: compileComputeKernel
  api=14 insize=66874 outsize=3621 ok=1
Cmd: compileComputeKernel
  api=14 insize=66874 outsize=3621 ok=1
Cmd: compileComputeKernel
  api=14 insize=66874 outsize=3821 ok=1
Cmd: compileComputeKernel
  api=14 insize=66874 outsize=4161 ok=1
Cmd: compileComputeKernel
  api=14 insize=66874 outsize=3627 ok=1
Cmd: compileComputeKernel
  api=14 insize=66874 outsize=5647 ok=1
Cmd: compileComputeKernel
  api=14 insize=66874 outsize=3419 ok=1
Cmd: compileComputeKernel
  api=14 insize=66874 outsize=3416 ok=1
Cmd: compileComputeKernel
  api=14 insize=66874 outsize=3442 ok=1
Cmd: compileComputeKernel
  api=14 insize=66874 outsize=3763 ok=1
Cmd: compileComputeKernel
  api=14 insize=66874 outsize=3652 ok=1
Cmd: compileComputeKernel
  api=14 insize=66874 outsize=3453 ok=1
Cmd: compileComputeKernel
  api=14 insize=66874 outsize=3491 ok=1
Cmd: compileComputeKernel
  api=14 insize=66874 outsize=3679 ok=1
Cmd: compileComputeKernel
  api=14 insize=66874 outsize=3443 ok=1
Cmd: compileComputeKernel
  api=14 insize=66874 outsize=3909 ok=1
Cmd: compileComputeKernel
  api=14 insize=66874 outsize=3496 ok=1
Cmd: compileComputeKernel
  api=14 insize=66874 outsize=4055 ok=1
Cmd: compileComputeKernel
  api=14 insize=66874 outsize=4491 ok=1
Cmd: compileComputeKernel
  api=14 insize=66874 outsize=4051 ok=1
Cmd: compileComputeKernel
  api=14 insize=66874 outsize=4083 ok=1
Cmd: compileComputeKernel
  api=14 insize=66874 outsize=4080 ok=1
Cmd: compileComputeKernel
  api=14 insize=66874 outsize=4081 ok=1
Cmd: compileComputeKernel
  api=14 insize=66874 outsize=4230 ok=1
Cmd: compileComputeKernel
  api=14 insize=66874 outsize=3458 ok=1
Cmd: compileComputeKernel
  api=14 insize=66874 outsize=3433 ok=1
Cmd: compileComputeKernel
  api=14 insize=66874 outsize=3433 ok=1
Cmd: compileComputeKernel
  api=14 insize=66874 outsize=3434 ok=1
Cmd: compileComputeKernel
  api=14 insize=66874 outsize=5592 ok=1
Cmd: compileComputeKernel
  api=14 insize=66874 outsize=3726 ok=1
Cmd: compileComputeKernel
  api=14 insize=66874 outsize=3912 ok=1
Cmd: compileComputeKernel
  api=14 insize=66874 outsize=3559 ok=1
Cmd: compileComputeKernel
  api=14 insize=66874 outsize=3053 ok=1
Cmd: compileComputeKernel
  api=14 insize=66874 outsize=3514 ok=1
Cmd: translateComputeKernel
  api=14 insize=5725 outsize=7583 ok=1
Cmd: translateComputeKernel
  api=14 insize=5598 outsize=7021 ok=1
Cmd: translateComputeKernel
  api=14 insize=5898 outsize=8141 ok=1
Cmd: translateComputeKernel
  api=14 insize=4363 outsize=4417 ok=1
Cmd: translateComputeKernel
  api=14 insize=5415 outsize=6223 ok=1
Cmd: translateComputeKernel
  api=14 insize=4447 outsize=4484 ok=1
Cmd: translateComputeKernel
  api=14 insize=5447 outsize=6312 ok=1
Cmd: translateComputeKernel
  api=14 insize=4273 outsize=4111 ok=1
Cmd: translateComputeKernel
  api=14 insize=4273 outsize=4093 ok=1
Cmd: translateComputeKernel
  api=14 insize=4273 outsize=4103 ok=1
Cmd: translateComputeKernel
  api=14 insize=4245 outsize=4141 ok=1
Cmd: translateComputeKernel
  api=14 insize=4443 outsize=4429 ok=1
Cmd: translateComputeKernel
  api=14 insize=4770 outsize=5503 ok=1
Cmd: translateComputeKernel
  api=14 insize=4754 outsize=5363 ok=1
Cmd: translateComputeKernel
  api=14 insize=4220 outsize=4171 ok=1
Cmd: translateComputeKernel
  api=14 insize=4244 outsize=4228 ok=1
Cmd: translateComputeKernel
  api=14 insize=4480 outsize=4719 ok=1
Cmd: translateComputeKernel
  api=14 insize=4548 outsize=4645 ok=1
Cmd: translateComputeKernel
  api=14 insize=6191 outsize=7925 ok=1
Cmd: translateComputeKernel
  api=14 insize=4364 outsize=4229 ok=1
Cmd: translateComputeKernel
  api=14 insize=4137 outsize=3855 ok=1
Cmd: translateComputeKernel
  api=14 insize=4100 outsize=3811 ok=1
Cmd: translateComputeKernel
  api=14 insize=4100 outsize=3809 ok=1
Cmd: translateComputeKernel
  api=14 insize=4097 outsize=3813 ok=1
Cmd: translateComputeKernel
  api=14 insize=4098 outsize=3815 ok=1
Cmd: translateComputeKernel
  api=14 insize=4123 outsize=3826 ok=1
Cmd: translateComputeKernel
  api=14 insize=4182 outsize=3944 ok=1
Cmd: translateComputeKernel
  api=14 insize=4444 outsize=4401 ok=1
Cmd: translateComputeKernel
  api=14 insize=4495 outsize=4470 ok=1
Cmd: translateComputeKernel
  api=14 insize=4196 outsize=3930 ok=1
Cmd: translateComputeKernel
  api=14 insize=4134 outsize=3855 ok=1
Cmd: translateComputeKernel
  api=14 insize=4228 outsize=4049 ok=1
Cmd: translateComputeKernel
  api=14 insize=4707 outsize=5072 ok=1
Cmd: translateComputeKernel
  api=14 insize=4124 outsize=3852 ok=1
Cmd: translateComputeKernel
  api=14 insize=4124 outsize=3853 ok=1
Cmd: translateComputeKernel
  api=14 insize=4097 outsize=3813 ok=1
Cmd: translateComputeKernel
  api=14 insize=4141 outsize=3875 ok=1
Cmd: translateComputeKernel
  api=14 insize=4149 outsize=3844 ok=1
Cmd: translateComputeKernel
  api=14 insize=4698 outsize=5181 ok=1
Cmd: translateComputeKernel
  api=14 insize=4698 outsize=5181 ok=1
Cmd: translateComputeKernel
  api=14 insize=5138 outsize=5976 ok=1
Cmd: translateComputeKernel
  api=14 insize=4698 outsize=5185 ok=1
Cmd: translateComputeKernel
  api=14 insize=4730 outsize=5227 ok=1
Cmd: translateComputeKernel
  api=14 insize=4727 outsize=5224 ok=1
Cmd: translateComputeKernel
  api=14 insize=4728 outsize=5226 ok=1
Cmd: translateComputeKernel
  api=14 insize=4877 outsize=5475 ok=1
Cmd: translateComputeKernel
  api=14 insize=4139 outsize=3862 ok=1
Cmd: translateComputeKernel
  api=14 insize=4114 outsize=3888 ok=1
Cmd: translateComputeKernel
  api=14 insize=4159 outsize=4023 ok=1
Cmd: translateComputeKernel
  api=14 insize=4115 outsize=3874 ok=1
Cmd: translateComputeKernel
  api=14 insize=5650 outsize=7040 ok=1
Cmd: translateComputeKernel
  api=14 insize=4321 outsize=4211 ok=1
Cmd: translateComputeKernel
  api=14 insize=4234 outsize=4017 ok=1
Cmd: translateComputeKernel
  api=14 insize=4647 outsize=4716 ok=1
Cmd: translateComputeKernel
  api=14 insize=5384 outsize=6472 ok=1
Cmd: translateComputeKernel
  api=14 insize=5284 outsize=5983 ok=1
Cmd: compileComputeKernel
  api=14 insize=72903 outsize=9640 ok=1
Cmd: translateComputeKernel
  api=14 insize=14069 outsize=26802 ok=1
Cmd: translateComputeKernel
  api=14 insize=5039 outsize=7784 ok=1
Cmd: compileComputeKernel
  api=14 insize=34089 outsize=1157 ok=1
Cmd: compileComputeKernel
  api=14 insize=34089 outsize=2146 ok=1
Cmd: compileComputeKernel
  api=14 insize=34089 outsize=1151 ok=1
Cmd: compileComputeKernel
  api=14 insize=34089 outsize=2247 ok=1
Cmd: compileComputeKernel
  api=14 insize=34089 outsize=2183 ok=1
Cmd: compileComputeKernel
  api=14 insize=34089 outsize=2629 ok=1
Cmd: compileComputeKernel
  api=14 insize=34089 outsize=2477 ok=1
Cmd: compileComputeKernel
  api=14 insize=34089 outsize=2225 ok=1
Cmd: compileComputeKernel
  api=14 insize=34089 outsize=2495 ok=1
Cmd: compileComputeKernel
  api=14 insize=34089 outsize=2316 ok=1
Cmd: compileComputeKernel
  api=14 insize=34089 outsize=2173 ok=1
Cmd: compileComputeKernel
  api=14 insize=34089 outsize=1150 ok=1
Cmd: compileComputeKernel
  api=14 insize=34089 outsize=2326 ok=1
Cmd: compileComputeKernel
  api=14 insize=34089 outsize=2309 ok=1
Cmd: compileComputeKernel
  api=14 insize=34089 outsize=2764 ok=1
Cmd: compileComputeKernel
  api=14 insize=34089 outsize=2793 ok=1
Cmd: compileComputeKernel
  api=14 insize=34089 outsize=3433 ok=1
Cmd: compileComputeKernel
  api=14 insize=34089 outsize=3019 ok=1
Cmd: compileComputeKernel
  api=14 insize=34089 outsize=2969 ok=1
Cmd: compileComputeKernel
  api=14 insize=34089 outsize=2841 ok=1
Cmd: compileComputeKernel
  api=14 insize=34089 outsize=2812 ok=1
Cmd: compileComputeKernel
  api=14 insize=34089 outsize=2937 ok=1
Cmd: compileComputeKernel
  api=14 insize=34089 outsize=2831 ok=1
Cmd: compileComputeKernel
  api=14 insize=34089 outsize=2760 ok=1
Cmd: compileComputeKernel
  api=14 insize=34089 outsize=2783 ok=1
Cmd: compileComputeKernel
  api=14 insize=34089 outsize=2756 ok=1
Cmd: compileComputeKernel
  api=14 insize=34089 outsize=2818 ok=1
Cmd: compileComputeKernel
  api=14 insize=34089 outsize=3090 ok=1
Cmd: compileComputeKernel
  api=14 insize=34089 outsize=2859 ok=1
Cmd: translateComputeKernel
  api=14 insize=1410 outsize=1438 ok=1
Cmd: translateComputeKernel
  api=14 insize=2404 outsize=1953 ok=1
Cmd: translateComputeKernel
  api=14 insize=2342 outsize=1848 ok=1
Cmd: translateComputeKernel
  api=14 insize=2347 outsize=1866 ok=1
Cmd: translateComputeKernel
  api=14 insize=1419 outsize=1449 ok=1
Cmd: translateComputeKernel
  api=14 insize=2438 outsize=1999 ok=1
Cmd: translateComputeKernel
  api=14 insize=2577 outsize=2159 ok=1
Cmd: translateComputeKernel
  api=14 insize=1572 outsize=1659 ok=1
Cmd: translateComputeKernel
  api=14 insize=2492 outsize=2064 ok=1
Cmd: translateComputeKernel
  api=14 insize=2386 outsize=1918 ok=1
Cmd: translateComputeKernel
  api=14 insize=2446 outsize=2033 ok=1
Cmd: translateComputeKernel
  api=14 insize=1458 outsize=1514 ok=1
Cmd: translateComputeKernel
  api=14 insize=2396 outsize=1919 ok=1
Cmd: translateComputeKernel
  api=14 insize=1481 outsize=1562 ok=1
Cmd: translateComputeKernel
  api=14 insize=2445 outsize=2019 ok=1
Cmd: translateComputeKernel
  api=14 insize=2925 outsize=2972 ok=1
Cmd: translateComputeKernel
  api=14 insize=2954 outsize=3010 ok=1
Cmd: translateComputeKernel
  api=14 insize=3527 outsize=4225 ok=1
Cmd: translateComputeKernel
  api=14 insize=3098 outsize=3373 ok=1
Cmd: translateComputeKernel
  api=14 insize=3153 outsize=3313 ok=1
Cmd: translateComputeKernel
  api=14 insize=3002 outsize=3099 ok=1
Cmd: translateComputeKernel
  api=14 insize=2996 outsize=3092 ok=1
Cmd: translateComputeKernel
  api=14 insize=2933 outsize=3196 ok=1
Cmd: translateComputeKernel
  api=14 insize=2962 outsize=3044 ok=1
Cmd: translateComputeKernel
  api=14 insize=2899 outsize=3156 ok=1
Cmd: translateComputeKernel
  api=14 insize=2881 outsize=3119 ok=1
Cmd: translateComputeKernel
  api=14 insize=2881 outsize=3120 ok=1
Cmd: translateComputeKernel
  api=14 insize=2894 outsize=3110 ok=1
Cmd: translateComputeKernel
  api=14 insize=2949 outsize=3183 ok=1
Cmd: translateComputeKernel
  api=14 insize=3264 outsize=3556 ok=1
Cmd: translateComputeKernel
  api=14 insize=2961 outsize=3030 ok=1
Cmd: translateComputeKernel
  api=14 insize=2898 outsize=3142 ok=1
Cmd: compileComputeKernel
  api=14 insize=79248 outsize=9108 ok=1
Cmd: compileComputeKernel
  api=14 insize=79248 outsize=16236 ok=1
Cmd: compileComputeKernel
  api=14 insize=79248 outsize=23485 ok=1
Cmd: compileComputeKernel
  api=14 insize=79248 outsize=35497 ok=1
Cmd: compileComputeKernel
  api=14 insize=79248 outsize=36218 ok=1
Cmd: translateComputeKernel
  api=14 insize=4257 outsize=6435 ok=1
Cmd: translateComputeKernel
  api=14 insize=13863 outsize=26192 ok=1
Cmd: translateComputeKernel
  api=14 insize=12303 outsize=24055 ok=1
Cmd: translateComputeKernel
  api=14 insize=23519 outsize=47768 ok=1
Cmd: translateComputeKernel
  api=14 insize=35531 outsize=69572 ok=1
Cmd: translateComputeKernel
  api=14 insize=5858 outsize=9757 ok=1
Cmd: translateComputeKernel
  api=14 insize=5858 outsize=9783 ok=1
Cmd: translateComputeKernel
  api=14 insize=4542 outsize=7062 ok=1
Cmd: translateComputeKernel
  api=14 insize=4542 outsize=7059 ok=1
Cmd: translateComputeKernel
  api=14 insize=5183 outsize=9075 ok=1
Cmd: translateComputeKernel
  api=14 insize=5183 outsize=9062 ok=1
Cmd: translateComputeKernel
  api=14 insize=3078 outsize=3512 ok=1
Cmd: translateComputeKernel
  api=14 insize=3482 outsize=4507 ok=1
Cmd: translateComputeKernel
  api=14 insize=3418 outsize=4389 ok=1
Cmd: translateComputeKernel
  api=14 insize=6831 outsize=10523 ok=1
Cmd: translateComputeKernel
  api=14 insize=14277 outsize=27311 ok=1
Cmd: translateComputeKernel
  api=14 insize=13637 outsize=25888 ok=1
Cmd: compileComputeKernel
  api=14 insize=4442 outsize=2858 ok=1
Cmd: compileComputeKernel
  api=14 insize=4442 outsize=3014 ok=1
Cmd: translateComputeKernel
  api=14 insize=2771 outsize=3037 ok=1
Cmd: translateComputeKernel
  api=14 insize=3072 outsize=3858 ok=1
Unhandled exception: Protocol error - unexpected end of data (did the Editor crash?)

Quitting shader compiler process
