Base path: '/Applications/Unity/Hub/Editor/2019.3.5f1/Unity.app/Contents', plugins path '/Applications/Unity/Hub/Editor/2019.3.5f1/Unity.app/Contents/PlaybackEngines'
Cmd: initializeCompiler
Cmd: compileComputeKernel
  api=14 insize=12109 outsize=3227 ok=1
Cmd: compileComputeKernel
  api=14 insize=12109 outsize=3648 ok=1
Cmd: compileComputeKernel
  api=14 insize=12109 outsize=3203 ok=1
Cmd: compileComputeKernel
  api=14 insize=12109 outsize=3842 ok=1
Cmd: translateComputeKernel
  api=14 insize=3516 outsize=3802 ok=1
Cmd: translateComputeKernel
  api=14 insize=3057 outsize=2925 ok=1
Cmd: translateComputeKernel
  api=14 insize=3830 outsize=4199 ok=1
Cmd: translateComputeKernel
  api=14 insize=3829 outsize=4391 ok=1
Cmd: translateComputeKernel
  api=14 insize=4138 outsize=5377 ok=1
Cmd: compileComputeKernel
  api=14 insize=11985 outsize=2853 ok=1
Cmd: compileComputeKernel
  api=14 insize=11985 outsize=2853 ok=1
Cmd: compileComputeKernel
  api=14 insize=11985 outsize=2853 ok=1
Cmd: compileComputeKernel
  api=14 insize=11985 outsize=2853 ok=1
Cmd: compileComputeKernel
  api=14 insize=11985 outsize=2890 ok=1
Cmd: compileComputeKernel
  api=14 insize=11985 outsize=2887 ok=1
Cmd: compileComputeKernel
  api=14 insize=11985 outsize=2999 ok=1
Cmd: compileComputeKernel
  api=14 insize=11985 outsize=2916 ok=1
Cmd: translateComputeKernel
  api=14 insize=2927 outsize=3382 ok=1
Cmd: translateComputeKernel
  api=14 insize=2923 outsize=3379 ok=1
Cmd: translateComputeKernel
  api=14 insize=2923 outsize=3379 ok=1
Cmd: translateComputeKernel
  api=14 insize=2923 outsize=3383 ok=1
Cmd: translateComputeKernel
  api=14 insize=2923 outsize=3383 ok=1
Cmd: translateComputeKernel
  api=14 insize=3008 outsize=3526 ok=1
Cmd: translateComputeKernel
  api=14 insize=2955 outsize=3425 ok=1
Cmd: translateComputeKernel
  api=14 insize=2960 outsize=3431 ok=1
Cmd: translateComputeKernel
  api=14 insize=2957 outsize=3428 ok=1
Cmd: translateComputeKernel
  api=14 insize=2953 outsize=3424 ok=1
Cmd: translateComputeKernel
  api=14 insize=3069 outsize=3617 ok=1
Cmd: translateComputeKernel
  api=14 insize=3074 outsize=3638 ok=1
Cmd: compileComputeKernel
  api=14 insize=18301 outsize=3785 ok=1
Cmd: compileComputeKernel
  api=14 insize=18301 outsize=4711 ok=1
Cmd: compileComputeKernel
  api=14 insize=18301 outsize=4787 ok=1
Cmd: compileComputeKernel
  api=14 insize=18301 outsize=7409 ok=1
Cmd: translateComputeKernel
  api=14 insize=3991 outsize=4934 ok=1
Cmd: translateComputeKernel
  api=14 insize=5117 outsize=7923 ok=1
Cmd: translateComputeKernel
  api=14 insize=4849 outsize=7494 ok=1
Cmd: translateComputeKernel
  api=14 insize=7267 outsize=12345 ok=1
Cmd: compileComputeKernel
  api=14 insize=66874 outsize=5170 ok=1
Cmd: compileComputeKernel
  api=14 insize=66874 outsize=5115 ok=1
Cmd: compileComputeKernel
  api=14 insize=66874 outsize=5415 ok=1
Cmd: compileComputeKernel
  api=14 insize=66874 outsize=3711 ok=1
Cmd: compileComputeKernel
  api=14 insize=66874 outsize=4763 ok=1
Cmd: compileComputeKernel
  api=14 insize=66874 outsize=3766 ok=1
Cmd: compileComputeKernel
  api=14 insize=66874 outsize=4766 ok=1
Cmd: compileComputeKernel
  api=14 insize=66874 outsize=3621 ok=1
Cmd: compileComputeKernel
  api=14 insize=66874 outsize=3821 ok=1
Cmd: compileComputeKernel
  api=14 insize=66874 outsize=4161 ok=1
Cmd: compileComputeKernel
  api=14 insize=66874 outsize=3563 ok=1
Cmd: compileComputeKernel
  api=14 insize=66874 outsize=3933 ok=1
Cmd: compileComputeKernel
  api=14 insize=66874 outsize=3742 ok=1
Cmd: compileComputeKernel
  api=14 insize=66874 outsize=3456 ok=1
Cmd: compileComputeKernel
  api=14 insize=66874 outsize=3419 ok=1
Cmd: compileComputeKernel
  api=14 insize=66874 outsize=3417 ok=1
Cmd: compileComputeKernel
  api=14 insize=66874 outsize=3501 ok=1
Cmd: compileComputeKernel
  api=14 insize=66874 outsize=3814 ok=1
Cmd: compileComputeKernel
  api=14 insize=66874 outsize=3515 ok=1
Cmd: compileComputeKernel
  api=14 insize=66874 outsize=3577 ok=1
Cmd: compileComputeKernel
  api=14 insize=66874 outsize=4093 ok=1
Cmd: compileComputeKernel
  api=14 insize=66874 outsize=3443 ok=1
Cmd: compileComputeKernel
  api=14 insize=66874 outsize=3416 ok=1
Cmd: compileComputeKernel
  api=14 insize=66874 outsize=3519 ok=1
Cmd: compileComputeKernel
  api=14 insize=66874 outsize=3496 ok=1
Cmd: compileComputeKernel
  api=14 insize=66874 outsize=4051 ok=1
Cmd: compileComputeKernel
  api=14 insize=66874 outsize=4051 ok=1
Cmd: compileComputeKernel
  api=14 insize=66874 outsize=4051 ok=1
Cmd: compileComputeKernel
  api=14 insize=66874 outsize=4051 ok=1
Cmd: compileComputeKernel
  api=14 insize=66874 outsize=4206 ok=1
Cmd: compileComputeKernel
  api=14 insize=66874 outsize=4088 ok=1
Cmd: compileComputeKernel
  api=14 insize=66874 outsize=4085 ok=1
Cmd: compileComputeKernel
  api=14 insize=66874 outsize=4229 ok=1
Cmd: compileComputeKernel
  api=14 insize=66874 outsize=4230 ok=1
Cmd: compileComputeKernel
  api=14 insize=66874 outsize=3473 ok=1
Cmd: compileComputeKernel
  api=14 insize=66874 outsize=3526 ok=1
Cmd: compileComputeKernel
  api=14 insize=66874 outsize=4142 ok=1
Cmd: compileComputeKernel
  api=14 insize=66874 outsize=5500 ok=1
Cmd: compileComputeKernel
  api=14 insize=66874 outsize=3581 ok=1
Cmd: compileComputeKernel
  api=14 insize=66874 outsize=3994 ok=1
Cmd: compileComputeKernel
  api=14 insize=66874 outsize=4749 ok=1
Cmd: compileComputeKernel
  api=14 insize=66874 outsize=3514 ok=1
Cmd: translateComputeKernel
  api=14 insize=5653 outsize=7519 ok=1
Cmd: translateComputeKernel
  api=14 insize=5598 outsize=7076 ok=1
Cmd: translateComputeKernel
  api=14 insize=5898 outsize=8171 ok=1
Cmd: translateComputeKernel
  api=14 insize=4363 outsize=4417 ok=1
Cmd: translateComputeKernel
  api=14 insize=5263 outsize=5945 ok=1
Cmd: translateComputeKernel
  api=14 insize=4447 outsize=4476 ok=1
Cmd: translateComputeKernel
  api=14 insize=5295 outsize=6034 ok=1
Cmd: translateComputeKernel
  api=14 insize=4273 outsize=4121 ok=1
Cmd: translateComputeKernel
  api=14 insize=4245 outsize=4142 ok=1
Cmd: translateComputeKernel
  api=14 insize=4443 outsize=4437 ok=1
Cmd: translateComputeKernel
  api=14 insize=4806 outsize=5642 ok=1
Cmd: translateComputeKernel
  api=14 insize=4754 outsize=5374 ok=1
Cmd: translateComputeKernel
  api=14 insize=4148 outsize=4048 ok=1
Cmd: translateComputeKernel
  api=14 insize=4308 outsize=4359 ok=1
Cmd: translateComputeKernel
  api=14 insize=4460 outsize=4702 ok=1
Cmd: translateComputeKernel
  api=14 insize=4548 outsize=4645 ok=1
Cmd: translateComputeKernel
  api=14 insize=6155 outsize=7828 ok=1
Cmd: translateComputeKernel
  api=14 insize=4364 outsize=4229 ok=1
Cmd: translateComputeKernel
  api=14 insize=4137 outsize=3855 ok=1
Cmd: translateComputeKernel
  api=14 insize=4100 outsize=3811 ok=1
Cmd: translateComputeKernel
  api=14 insize=4100 outsize=3809 ok=1
Cmd: translateComputeKernel
  api=14 insize=4097 outsize=3813 ok=1
Cmd: translateComputeKernel
  api=14 insize=4098 outsize=3815 ok=1
Cmd: translateComputeKernel
  api=14 insize=4123 outsize=3826 ok=1
Cmd: translateComputeKernel
  api=14 insize=4444 outsize=4401 ok=1
Cmd: translateComputeKernel
  api=14 insize=4333 outsize=4158 ok=1
Cmd: translateComputeKernel
  api=14 insize=4196 outsize=3930 ok=1
Cmd: translateComputeKernel
  api=14 insize=4228 outsize=4049 ok=1
Cmd: translateComputeKernel
  api=14 insize=4142 outsize=3889 ok=1
Cmd: translateComputeKernel
  api=14 insize=4301 outsize=4104 ok=1
Cmd: translateComputeKernel
  api=14 insize=4301 outsize=4104 ok=1
Cmd: translateComputeKernel
  api=14 insize=4124 outsize=3853 ok=1
Cmd: translateComputeKernel
  api=14 insize=4097 outsize=3813 ok=1
Cmd: translateComputeKernel
  api=14 insize=4560 outsize=4580 ok=1
Cmd: translateComputeKernel
  api=14 insize=4149 outsize=3854 ok=1
Cmd: translateComputeKernel
  api=14 insize=4698 outsize=5181 ok=1
Cmd: translateComputeKernel
  api=14 insize=4702 outsize=5184 ok=1
Cmd: translateComputeKernel
  api=14 insize=4698 outsize=5181 ok=1
Cmd: translateComputeKernel
  api=14 insize=4698 outsize=5185 ok=1
Cmd: translateComputeKernel
  api=14 insize=4698 outsize=5185 ok=1
Cmd: translateComputeKernel
  api=14 insize=4730 outsize=5227 ok=1
Cmd: translateComputeKernel
  api=14 insize=4727 outsize=5224 ok=1
Cmd: translateComputeKernel
  api=14 insize=4728 outsize=5226 ok=1
Cmd: translateComputeKernel
  api=14 insize=4877 outsize=5475 ok=1
Cmd: translateComputeKernel
  api=14 insize=4877 outsize=5476 ok=1
Cmd: translateComputeKernel
  api=14 insize=4114 outsize=3889 ok=1
Cmd: translateComputeKernel
  api=14 insize=4114 outsize=3873 ok=1
Cmd: translateComputeKernel
  api=14 insize=4155 outsize=3962 ok=1
Cmd: translateComputeKernel
  api=14 insize=6190 outsize=8171 ok=1
Cmd: translateComputeKernel
  api=14 insize=4321 outsize=4221 ok=1
Cmd: translateComputeKernel
  api=14 insize=4565 outsize=4567 ok=1
Cmd: translateComputeKernel
  api=14 insize=4181 outsize=3905 ok=1
Cmd: translateComputeKernel
  api=14 insize=5368 outsize=6493 ok=1
Cmd: translateComputeKernel
  api=14 insize=5176 outsize=5750 ok=1
Cmd: compileComputeKernel
  api=14 insize=72903 outsize=9220 ok=1
Cmd: compileComputeKernel
  api=14 insize=72903 outsize=8155 ok=1
Cmd: translateComputeKernel
  api=14 insize=9220 outsize=18048 ok=1
Cmd: translateComputeKernel
  api=14 insize=7526 outsize=13315 ok=1
Cmd: compileComputeKernel
  api=14 insize=34089 outsize=2244 ok=1
Cmd: compileComputeKernel
  api=14 insize=34089 outsize=1150 ok=1
Cmd: compileComputeKernel
  api=14 insize=34089 outsize=2242 ok=1
Cmd: compileComputeKernel
  api=14 insize=34089 outsize=2154 ok=1
Cmd: compileComputeKernel
  api=14 insize=34089 outsize=1223 ok=1
Cmd: compileComputeKernel
  api=14 insize=34089 outsize=2504 ok=1
Cmd: compileComputeKernel
  api=14 insize=34089 outsize=2231 ok=1
Cmd: compileComputeKernel
  api=14 insize=34089 outsize=1305 ok=1
Cmd: compileComputeKernel
  api=14 insize=34089 outsize=2422 ok=1
Cmd: compileComputeKernel
  api=14 insize=34089 outsize=1205 ok=1
Cmd: compileComputeKernel
  api=14 insize=34089 outsize=2268 ok=1
Cmd: compileComputeKernel
  api=14 insize=34089 outsize=2231 ok=1
Cmd: compileComputeKernel
  api=14 insize=34089 outsize=1228 ok=1
Cmd: compileComputeKernel
  api=14 insize=34089 outsize=2344 ok=1
Cmd: compileComputeKernel
  api=14 insize=34089 outsize=2764 ok=1
Cmd: compileComputeKernel
  api=14 insize=34089 outsize=2793 ok=1
Cmd: compileComputeKernel
  api=14 insize=34089 outsize=3433 ok=1
Cmd: compileComputeKernel
  api=14 insize=34089 outsize=2956 ok=1
Cmd: compileComputeKernel
  api=14 insize=34089 outsize=2992 ok=1
Cmd: compileComputeKernel
  api=14 insize=34089 outsize=2778 ok=1
Cmd: compileComputeKernel
  api=14 insize=34089 outsize=2772 ok=1
Cmd: compileComputeKernel
  api=14 insize=34089 outsize=2874 ok=1
Cmd: compileComputeKernel
  api=14 insize=34089 outsize=2768 ok=1
Cmd: compileComputeKernel
  api=14 insize=34089 outsize=2720 ok=1
Cmd: compileComputeKernel
  api=14 insize=34089 outsize=2720 ok=1
Cmd: compileComputeKernel
  api=14 insize=34089 outsize=2693 ok=1
Cmd: compileComputeKernel
  api=14 insize=34089 outsize=2778 ok=1
Cmd: compileComputeKernel
  api=14 insize=34089 outsize=3090 ok=1
Cmd: compileComputeKernel
  api=14 insize=34089 outsize=2796 ok=1
Cmd: translateComputeKernel
  api=14 insize=2404 outsize=1955 ok=1
Cmd: translateComputeKernel
  api=14 insize=1403 outsize=1441 ok=1
Cmd: translateComputeKernel
  api=14 insize=2407 outsize=1977 ok=1
Cmd: translateComputeKernel
  api=14 insize=2378 outsize=1884 ok=1
Cmd: translateComputeKernel
  api=14 insize=2605 outsize=2248 ok=1
Cmd: translateComputeKernel
  api=14 insize=2426 outsize=1965 ok=1
Cmd: translateComputeKernel
  api=14 insize=1558 outsize=1662 ok=1
Cmd: translateComputeKernel
  api=14 insize=2694 outsize=2369 ok=1
Cmd: translateComputeKernel
  api=14 insize=2368 outsize=1881 ok=1
Cmd: translateComputeKernel
  api=14 insize=2368 outsize=1882 ok=1
Cmd: translateComputeKernel
  api=14 insize=1403 outsize=1441 ok=1
Cmd: translateComputeKernel
  api=14 insize=2456 outsize=2038 ok=1
Cmd: translateComputeKernel
  api=14 insize=2443 outsize=2024 ok=1
Cmd: translateComputeKernel
  api=14 insize=2925 outsize=2972 ok=1
Cmd: translateComputeKernel
  api=14 insize=2954 outsize=3010 ok=1
Cmd: translateComputeKernel
  api=14 insize=2891 outsize=3122 ok=1
Cmd: translateComputeKernel
  api=14 insize=2837 outsize=2731 ok=1
Cmd: translateComputeKernel
  api=14 insize=3058 outsize=3347 ok=1
Cmd: translateComputeKernel
  api=14 insize=3130 outsize=3423 ok=1
Cmd: translateComputeKernel
  api=14 insize=3002 outsize=3099 ok=1
Cmd: translateComputeKernel
  api=14 insize=2996 outsize=3092 ok=1
Cmd: translateComputeKernel
  api=14 insize=3068 outsize=3206 ok=1
Cmd: translateComputeKernel
  api=14 insize=2962 outsize=3044 ok=1
Cmd: translateComputeKernel
  api=14 insize=2944 outsize=3007 ok=1
Cmd: translateComputeKernel
  api=14 insize=2944 outsize=3008 ok=1
Cmd: translateComputeKernel
  api=14 insize=2917 outsize=2968 ok=1
Cmd: translateComputeKernel
  api=14 insize=2972 outsize=3049 ok=1
Cmd: translateComputeKernel
  api=14 insize=3251 outsize=3562 ok=1
Cmd: translateComputeKernel
  api=14 insize=2961 outsize=3030 ok=1
Cmd: compileComputeKernel
  api=14 insize=79248 outsize=4223 ok=1
Cmd: compileComputeKernel
  api=14 insize=79248 outsize=13796 ok=1
Cmd: compileComputeKernel
  api=14 insize=79248 outsize=12236 ok=1
Cmd: compileComputeKernel
  api=14 insize=79248 outsize=28414 ok=1
Cmd: compileComputeKernel
  api=14 insize=79248 outsize=26606 ok=1
Cmd: compileComputeKernel
  api=14 insize=79248 outsize=2912 ok=1
Cmd: compileComputeKernel
  api=14 insize=79248 outsize=3309 ok=1
Cmd: compileComputeKernel
  api=14 insize=79248 outsize=3245 ok=1
Cmd: compileComputeKernel
  api=14 insize=79248 outsize=6699 ok=1
Cmd: compileComputeKernel
  api=14 insize=79248 outsize=14212 ok=1
Cmd: translateComputeKernel
  api=14 insize=9346 outsize=18052 ok=1
Cmd: translateComputeKernel
  api=14 insize=12863 outsize=22720 ok=1
Cmd: translateComputeKernel
  api=14 insize=11439 outsize=21121 ok=1
Cmd: translateComputeKernel
  api=14 insize=28063 outsize=58733 ok=1
Cmd: translateComputeKernel
  api=14 insize=26211 outsize=53938 ok=1
Cmd: translateComputeKernel
  api=14 insize=36252 outsize=71078 ok=1
Cmd: compileComputeKernel
  api=14 insize=4442 outsize=2713 ok=1
Cmd: compileComputeKernel
  api=14 insize=4442 outsize=2948 ok=1
Cmd: translateComputeKernel
  api=14 insize=2771 outsize=3047 ok=1
Cmd: translateComputeKernel
  api=14 insize=3072 outsize=3831 ok=1
Cmd: translateComputeKernel
  api=14 insize=4426 outsize=7636 ok=1
Unhandled exception: Protocol error - unexpected end of data (did the Editor crash?)

Quitting shader compiler process
