Base path: '/Applications/Unity/Hub/Editor/2019.3.5f1/Unity.app/Contents', plugins path '/Applications/Unity/Hub/Editor/2019.3.5f1/Unity.app/Contents/PlaybackEngines'
Cmd: initializeCompiler
Cmd: compileComputeKernel
  api=14 insize=12109 outsize=2774 ok=1
Cmd: compileComputeKernel
  api=14 insize=12109 outsize=4255 ok=1
Cmd: compileComputeKernel
  api=14 insize=12109 outsize=2988 ok=1
Cmd: compileComputeKernel
  api=14 insize=12109 outsize=3204 ok=1
Cmd: translateComputeKernel
  api=14 insize=3516 outsize=3802 ok=1
Cmd: translateComputeKernel
  api=14 insize=3049 outsize=2938 ok=1
Cmd: translateComputeKernel
  api=14 insize=3773 outsize=4199 ok=1
Cmd: translateComputeKernel
  api=14 insize=3470 outsize=3792 ok=1
Cmd: translateComputeKernel
  api=14 insize=4370 outsize=5320 ok=1
Cmd: translateComputeKernel
  api=14 insize=3256 outsize=3229 ok=1
Cmd: compileComputeKernel
  api=14 insize=11985 outsize=2857 ok=1
Cmd: compileComputeKernel
  api=14 insize=11985 outsize=2853 ok=1
Cmd: compileComputeKernel
  api=14 insize=11985 outsize=3293 ok=1
Cmd: compileComputeKernel
  api=14 insize=11985 outsize=3008 ok=1
Cmd: compileComputeKernel
  api=14 insize=11985 outsize=2890 ok=1
Cmd: compileComputeKernel
  api=14 insize=11985 outsize=2887 ok=1
Cmd: compileComputeKernel
  api=14 insize=11985 outsize=2999 ok=1
Cmd: compileComputeKernel
  api=14 insize=11985 outsize=3004 ok=1
Cmd: translateComputeKernel
  api=14 insize=2927 outsize=3382 ok=1
Cmd: translateComputeKernel
  api=14 insize=2923 outsize=3379 ok=1
Cmd: translateComputeKernel
  api=14 insize=3363 outsize=4162 ok=1
Cmd: translateComputeKernel
  api=14 insize=2923 outsize=3383 ok=1
Cmd: translateComputeKernel
  api=14 insize=3008 outsize=3526 ok=1
Cmd: translateComputeKernel
  api=14 insize=2952 outsize=3422 ok=1
Cmd: translateComputeKernel
  api=14 insize=2957 outsize=3428 ok=1
Cmd: translateComputeKernel
  api=14 insize=3069 outsize=3617 ok=1
Cmd: translateComputeKernel
  api=14 insize=2986 outsize=3462 ok=1
Cmd: translateComputeKernel
  api=14 insize=3074 outsize=3638 ok=1
Cmd: compileComputeKernel
  api=14 insize=18301 outsize=3861 ok=1
Cmd: compileComputeKernel
  api=14 insize=18301 outsize=4919 ok=1
Cmd: compileComputeKernel
  api=14 insize=18301 outsize=4904 ok=1
Cmd: compileComputeKernel
  api=14 insize=18301 outsize=7749 ok=1
Cmd: translateComputeKernel
  api=14 insize=3895 outsize=4722 ok=1
Cmd: translateComputeKernel
  api=14 insize=5117 outsize=7887 ok=1
Cmd: translateComputeKernel
  api=14 insize=4985 outsize=7743 ok=1
Cmd: translateComputeKernel
  api=14 insize=7525 outsize=12898 ok=1
Cmd: compileComputeKernel
  api=14 insize=66874 outsize=4002 ok=1
Cmd: compileComputeKernel
  api=14 insize=66874 outsize=15351 ok=1
Cmd: compileComputeKernel
  api=14 insize=66874 outsize=3621 ok=1
Cmd: compileComputeKernel
  api=14 insize=66874 outsize=3593 ok=1
Cmd: compileComputeKernel
  api=14 insize=66874 outsize=4213 ok=1
Cmd: compileComputeKernel
  api=14 insize=66874 outsize=3539 ok=1
Cmd: compileComputeKernel
  api=14 insize=66874 outsize=3779 ok=1
Cmd: compileComputeKernel
  api=14 insize=66874 outsize=3933 ok=1
Cmd: compileComputeKernel
  api=14 insize=66874 outsize=3742 ok=1
Cmd: compileComputeKernel
  api=14 insize=66874 outsize=3419 ok=1
Cmd: compileComputeKernel
  api=14 insize=66874 outsize=3416 ok=1
Cmd: compileComputeKernel
  api=14 insize=66874 outsize=3442 ok=1
Cmd: compileComputeKernel
  api=14 insize=66874 outsize=3763 ok=1
Cmd: compileComputeKernel
  api=14 insize=66874 outsize=3652 ok=1
Cmd: compileComputeKernel
  api=14 insize=66874 outsize=3453 ok=1
Cmd: compileComputeKernel
  api=14 insize=66874 outsize=3491 ok=1
Cmd: compileComputeKernel
  api=14 insize=66874 outsize=3679 ok=1
Cmd: compileComputeKernel
  api=14 insize=66874 outsize=3443 ok=1
Cmd: compileComputeKernel
  api=14 insize=66874 outsize=3909 ok=1
Cmd: compileComputeKernel
  api=14 insize=66874 outsize=3712 ok=1
Cmd: compileComputeKernel
  api=14 insize=66874 outsize=4055 ok=1
Cmd: compileComputeKernel
  api=14 insize=66874 outsize=4051 ok=1
Cmd: compileComputeKernel
  api=14 insize=66874 outsize=4051 ok=1
Cmd: compileComputeKernel
  api=14 insize=66874 outsize=4206 ok=1
Cmd: compileComputeKernel
  api=14 insize=66874 outsize=4088 ok=1
Cmd: compileComputeKernel
  api=14 insize=66874 outsize=4085 ok=1
Cmd: compileComputeKernel
  api=14 insize=66874 outsize=4229 ok=1
Cmd: compileComputeKernel
  api=14 insize=66874 outsize=4230 ok=1
Cmd: compileComputeKernel
  api=14 insize=66874 outsize=3473 ok=1
Cmd: compileComputeKernel
  api=14 insize=66874 outsize=3473 ok=1
Cmd: compileComputeKernel
  api=14 insize=66874 outsize=3474 ok=1
Cmd: compileComputeKernel
  api=14 insize=66874 outsize=5052 ok=1
Cmd: compileComputeKernel
  api=14 insize=66874 outsize=3726 ok=1
Cmd: compileComputeKernel
  api=14 insize=66874 outsize=3912 ok=1
Cmd: compileComputeKernel
  api=14 insize=66874 outsize=3559 ok=1
Cmd: compileComputeKernel
  api=14 insize=66874 outsize=3053 ok=1
Cmd: compileComputeKernel
  api=14 insize=66874 outsize=4615 ok=1
Cmd: translateComputeKernel
  api=14 insize=4544 outsize=4597 ok=1
Cmd: translateComputeKernel
  api=14 insize=15865 outsize=28449 ok=1
Cmd: translateComputeKernel
  api=14 insize=4182 outsize=3944 ok=1
Cmd: translateComputeKernel
  api=14 insize=4495 outsize=4470 ok=1
Cmd: translateComputeKernel
  api=14 insize=4333 outsize=4158 ok=1
Cmd: translateComputeKernel
  api=14 insize=4134 outsize=3855 ok=1
Cmd: translateComputeKernel
  api=14 insize=4142 outsize=3889 ok=1
Cmd: translateComputeKernel
  api=14 insize=4707 outsize=5072 ok=1
Cmd: translateComputeKernel
  api=14 insize=4124 outsize=3852 ok=1
Cmd: translateComputeKernel
  api=14 insize=4560 outsize=4580 ok=1
Cmd: translateComputeKernel
  api=14 insize=4141 outsize=3875 ok=1
Cmd: translateComputeKernel
  api=14 insize=4393 outsize=4721 ok=1
Cmd: translateComputeKernel
  api=14 insize=4702 outsize=5184 ok=1
Cmd: translateComputeKernel
  api=14 insize=4698 outsize=5181 ok=1
Cmd: translateComputeKernel
  api=14 insize=4698 outsize=5185 ok=1
Cmd: translateComputeKernel
  api=14 insize=4783 outsize=5323 ok=1
Cmd: translateComputeKernel
  api=14 insize=4735 outsize=5233 ok=1
Cmd: translateComputeKernel
  api=14 insize=4732 outsize=5230 ok=1
Cmd: translateComputeKernel
  api=14 insize=4876 outsize=5475 ok=1
Cmd: translateComputeKernel
  api=14 insize=4139 outsize=3862 ok=1
Cmd: translateComputeKernel
  api=14 insize=4154 outsize=3977 ok=1
Cmd: translateComputeKernel
  api=14 insize=4207 outsize=4098 ok=1
Cmd: translateComputeKernel
  api=14 insize=4881 outsize=5388 ok=1
Cmd: translateComputeKernel
  api=14 insize=6532 outsize=8649 ok=1
Cmd: translateComputeKernel
  api=14 insize=4647 outsize=4683 ok=1
Cmd: translateComputeKernel
  api=14 insize=3734 outsize=3060 ok=1
Cmd: translateComputeKernel
  api=14 insize=4195 outsize=4019 ok=1
Cmd: compileComputeKernel
  api=14 insize=72903 outsize=4088 ok=1
Cmd: compileComputeKernel
  api=14 insize=72903 outsize=6767 ok=1
Cmd: compileComputeKernel
  api=14 insize=72903 outsize=7493 ok=1
Cmd: translateComputeKernel
  api=14 insize=9640 outsize=17612 ok=1
Cmd: translateComputeKernel
  api=14 insize=8155 outsize=13757 ok=1
Cmd: compileComputeKernel
  api=14 insize=34089 outsize=2149 ok=1
Cmd: compileComputeKernel
  api=14 insize=34089 outsize=1157 ok=1
Cmd: compileComputeKernel
  api=14 insize=34089 outsize=2241 ok=1
Cmd: compileComputeKernel
  api=14 insize=34089 outsize=1156 ok=1
Cmd: compileComputeKernel
  api=14 insize=34089 outsize=1166 ok=1
Cmd: compileComputeKernel
  api=14 insize=34089 outsize=2409 ok=1
Cmd: compileComputeKernel
  api=14 insize=34089 outsize=1622 ok=1
Cmd: compileComputeKernel
  api=14 insize=34089 outsize=2326 ok=1
Cmd: compileComputeKernel
  api=14 insize=34089 outsize=2327 ok=1
Cmd: compileComputeKernel
  api=14 insize=34089 outsize=2277 ok=1
Cmd: compileComputeKernel
  api=14 insize=34089 outsize=2268 ok=1
Cmd: compileComputeKernel
  api=14 insize=34089 outsize=2146 ok=1
Cmd: compileComputeKernel
  api=14 insize=34089 outsize=2303 ok=1
Cmd: compileComputeKernel
  api=14 insize=34089 outsize=2283 ok=1
Cmd: compileComputeKernel
  api=14 insize=34089 outsize=2607 ok=1
Cmd: compileComputeKernel
  api=14 insize=34089 outsize=2741 ok=1
Cmd: compileComputeKernel
  api=14 insize=34089 outsize=2770 ok=1
Cmd: compileComputeKernel
  api=14 insize=34089 outsize=2709 ok=1
Cmd: compileComputeKernel
  api=14 insize=34089 outsize=2996 ok=1
Cmd: compileComputeKernel
  api=14 insize=34089 outsize=2929 ok=1
Cmd: compileComputeKernel
  api=14 insize=34089 outsize=2818 ok=1
Cmd: compileComputeKernel
  api=14 insize=34089 outsize=2835 ok=1
Cmd: compileComputeKernel
  api=14 insize=34089 outsize=2914 ok=1
Cmd: compileComputeKernel
  api=14 insize=34089 outsize=2808 ok=1
Cmd: compileComputeKernel
  api=14 insize=34089 outsize=2783 ok=1
Cmd: compileComputeKernel
  api=14 insize=34089 outsize=2760 ok=1
Cmd: compileComputeKernel
  api=14 insize=34089 outsize=2733 ok=1
Cmd: compileComputeKernel
  api=14 insize=34089 outsize=2841 ok=1
Cmd: compileComputeKernel
  api=14 insize=34089 outsize=3103 ok=1
Cmd: compileComputeKernel
  api=14 insize=34089 outsize=2859 ok=1
Cmd: translateComputeKernel
  api=14 insize=2344 outsize=1842 ok=1
Cmd: translateComputeKernel
  api=14 insize=1410 outsize=1434 ok=1
Cmd: translateComputeKernel
  api=14 insize=2401 outsize=1957 ok=1
Cmd: translateComputeKernel
  api=14 insize=2402 outsize=1959 ok=1
Cmd: translateComputeKernel
  api=14 insize=2349 outsize=1850 ok=1
Cmd: translateComputeKernel
  api=14 insize=1476 outsize=1516 ok=1
Cmd: translateComputeKernel
  api=14 insize=2799 outsize=2477 ok=1
Cmd: translateComputeKernel
  api=14 insize=2637 outsize=2302 ok=1
Cmd: translateComputeKernel
  api=14 insize=2420 outsize=1958 ok=1
Cmd: translateComputeKernel
  api=14 insize=2480 outsize=2081 ok=1
Cmd: translateComputeKernel
  api=14 insize=2476 outsize=2090 ok=1
Cmd: translateComputeKernel
  api=14 insize=1458 outsize=1512 ok=1
Cmd: translateComputeKernel
  api=14 insize=2341 outsize=1846 ok=1
Cmd: translateComputeKernel
  api=14 insize=2401 outsize=1957 ok=1
Cmd: translateComputeKernel
  api=14 insize=2383 outsize=1891 ok=1
Cmd: translateComputeKernel
  api=14 insize=2479 outsize=2086 ok=1
Cmd: translateComputeKernel
  api=14 insize=2799 outsize=2750 ok=1
Cmd: translateComputeKernel
  api=14 insize=2862 outsize=3088 ok=1
Cmd: translateComputeKernel
  api=14 insize=3527 outsize=4225 ok=1
Cmd: translateComputeKernel
  api=14 insize=3121 outsize=3259 ok=1
Cmd: translateComputeKernel
  api=14 insize=3153 outsize=3313 ok=1
Cmd: translateComputeKernel
  api=14 insize=3090 outsize=3397 ok=1
Cmd: translateComputeKernel
  api=14 insize=2939 outsize=3203 ok=1
Cmd: translateComputeKernel
  api=14 insize=3068 outsize=3206 ok=1
Cmd: translateComputeKernel
  api=14 insize=3005 outsize=3302 ok=1
Cmd: translateComputeKernel
  api=14 insize=2944 outsize=3007 ok=1
Cmd: translateComputeKernel
  api=14 insize=2944 outsize=3008 ok=1
Cmd: translateComputeKernel
  api=14 insize=2917 outsize=2968 ok=1
Cmd: translateComputeKernel
  api=14 insize=2972 outsize=3049 ok=1
Cmd: translateComputeKernel
  api=14 insize=2909 outsize=3157 ok=1
Cmd: translateComputeKernel
  api=14 insize=3251 outsize=3562 ok=1
Cmd: translateComputeKernel
  api=14 insize=2938 outsize=3168 ok=1
Cmd: compileComputeKernel
  api=14 insize=79248 outsize=4223 ok=1
Cmd: compileComputeKernel
  api=14 insize=79248 outsize=15948 ok=1
Cmd: compileComputeKernel
  api=14 insize=79248 outsize=28029 ok=1
Cmd: compileComputeKernel
  api=14 insize=79248 outsize=35902 ok=1
Cmd: compileComputeKernel
  api=14 insize=79248 outsize=5824 ok=1
Cmd: compileComputeKernel
  api=14 insize=79248 outsize=5824 ok=1
Cmd: compileComputeKernel
  api=14 insize=79248 outsize=4508 ok=1
Cmd: compileComputeKernel
  api=14 insize=79248 outsize=4508 ok=1
Cmd: compileComputeKernel
  api=14 insize=79248 outsize=5149 ok=1
Cmd: compileComputeKernel
  api=14 insize=79248 outsize=5149 ok=1
Cmd: compileComputeKernel
  api=14 insize=79248 outsize=13572 ok=1
Cmd: translateComputeKernel
  api=14 insize=9142 outsize=17666 ok=1
Cmd: translateComputeKernel
  api=14 insize=16270 outsize=32262 ok=1
Cmd: translateComputeKernel
  api=14 insize=23596 outsize=49231 ok=1
Cmd: translateComputeKernel
  api=14 insize=35936 outsize=71506 ok=1
Cmd: compileComputeKernel
  api=14 insize=4442 outsize=2713 ok=1
Cmd: compileComputeKernel
  api=14 insize=4442 outsize=3014 ok=1
Cmd: translateComputeKernel
  api=14 insize=2858 outsize=3260 ok=1
Cmd: translateComputeKernel
  api=14 insize=3006 outsize=3766 ok=1
Cmd: compileComputeKernel
  api=14 insize=1900 outsize=4426 ok=1
Unhandled exception: Protocol error - unexpected end of data (did the Editor crash?)

Quitting shader compiler process
